2022-07-25 12:00:33,681, file_sorter.file_sorter, ERROR, ERROR: Not a valid file key
2022-07-25 12:01:24,207, file_sorter.file_sorter, ERROR, ERROR: Not a valid file key
2022-07-25 12:04:58,367, file_sorter.file_sorter, ERROR, ERROR: Not a valid file key
2022-07-25 12:05:07,902, file_sorter.file_sorter, ERROR, KeyError when extracting S3 Bucket Name/ARN
2022-07-25 12:10:21,144, file_sorter.file_sorter, ERROR, KeyError when extracting S3 Bucket Name/ARN from dict
2022-07-25 12:10:34,297, file_sorter.file_sorter, ERROR, KeyError when extracting S3 Object Name/eTag from dict
2022-07-25 12:11:08,215, file_sorter.file_sorter, ERROR, ERROR: Not a valid file key
2022-07-25 12:19:00,144, file_sorter.file_sorter, ERROR, ERROR: Not a valid file key
2022-07-25 12:19:08,248, file_sorter.file_sorter, ERROR, ERROR: Not a valid file key
2022-07-25 12:19:25,531, file_sorter.file_sorter, ERROR, ERROR: Not a valid file key
2022-07-25 12:25:10,597, file_sorter.file_sorter, ERROR, File Architecture+Tasks.pdf not recognized.
2022-07-25 12:28:37,584, file_sorter.file_sorter, ERROR, ERROR: Not a valid file key
2022-07-25 12:37:22,996, file_sorter.file_sorter, INFO, Sorting EEA Instrument File: hermes_eea_l0_{}_v1.2.3
2022-07-25 12:37:22,998, file_sorter.file_sorter, INFO, File Sorted Successfully: hermes_eea_l0_{}_v1.2.3
2022-07-25 12:39:10,892, file_sorter.file_sorter, ERROR, time data 'l0_{}' does not match format '%Y%m%d_%H%M%S'
2022-07-25 12:39:49,582, file_sorter.file_sorter, ERROR, time data 'burst_{}' does not match format '%Y%m%d_%H%M%S'
2022-07-25 12:40:19,492, file_sorter.file_sorter, ERROR, ERROR: Not a valid file key
2022-07-25 12:41:20,787, file_sorter.file_sorter, INFO, Successfully parsed hermes_spn_2s_l3test_burst_20240406_120621_v2.4.5
2022-07-25 12:41:20,789, file_sorter.file_sorter, ERROR, ERROR: Not a valid file key
2022-07-25 12:42:05,252, file_sorter.file_sorter, INFO, Successfully parsed hermes_spn_2s_l3test_burst_20240406_120621_v2.4.5
2022-07-25 12:42:05,254, file_sorter.file_sorter, ERROR, ERROR: Not a valid file key
2022-07-25 12:44:27,073, file_sorter.file_sorter, INFO, Successfully parsed hermes_spn_2s_l3test_burst_20240406_120621_v2.4.5, destination bucket: hermes-spani
2022-07-25 12:44:27,076, file_sorter.file_sorter, ERROR, ERROR: Not a valid file key
2022-07-25 12:45:03,335, file_sorter.file_sorter, INFO, Successfully Parsed File: hermes_spn_2s_l3test_burst_20240406_120621_v2.4.5, Destination Bucket: hermes-spani
2022-07-25 12:45:03,337, file_sorter.file_sorter, ERROR, ERROR: Not a valid file key
2022-07-25 12:45:22,722, file_sorter.file_sorter, INFO, Successfully Parsed File: hermes_spn_2s_l3test_burst_20240406_120621_v2.4.5, Destination Bucket: hermes-spani
2022-07-25 12:45:22,724, file_sorter.file_sorter, ERROR, ERROR: Not a valid file key
2022-07-25 12:54:38,572, file_sorter.file_sorter, INFO, Successfully Parsed File: hermes_spn_2s_l3test_burst_20240406_120621_v2.4.5, Destination Bucket: hermes-spani
2022-07-25 12:54:38,574, file_sorter.file_sorter, ERROR, ERROR: Not a valid file key
2022-07-25 12:55:06,139, file_sorter.file_sorter, INFO, Successfully Parsed File: hermes_spn_2s_l3test_burst_20240406_120621_v2.4.5, Destination Bucket: hermes-spani
2022-07-25 12:55:43,120, file_sorter.file_sorter, INFO, Successfully Parsed File: hermes_spn_2s_l3test_burst_20240406_120621_v2.4.5, Destination Bucket: hermes-spani
2022-07-25 12:55:43,122, file_sorter.file_sorter, INFO, Moving File: hermes_spn_2s_l3test_burst_20240406_120621_v2.4.5
2022-07-25 12:55:43,568, file_sorter.file_sorter, ERROR, Error when Sorting File: An error occurred (403) when calling the HeadObject operation: Forbidden
2022-07-25 12:56:00,717, file_sorter.file_sorter, INFO, Successfully Parsed File: hermes_spn_2s_l3test_burst_20240406_120621_v2.4.5, Destination Bucket: hermes-spani
2022-07-25 12:56:00,719, file_sorter.file_sorter, INFO, Moving File: hermes_spn_2s_l3test_burst_20240406_120621_v2.4.5
2022-07-25 12:56:01,145, file_sorter.file_sorter, ERROR, Error when Sorting File: An error occurred (403) when calling the HeadObject operation: Forbidden
2022-07-25 12:57:39,487, file_sorter.file_sorter, INFO, Successfully Parsed File: hermes_spn_2s_l3test_burst_20240406_120621_v2.4.5, Destination Bucket: hermes-spani
2022-07-25 12:57:39,489, file_sorter.file_sorter, INFO, Moving File: hermes_spn_2s_l3test_burst_20240406_120621_v2.4.5
2022-07-25 12:57:39,902, file_sorter.file_sorter, ERROR, Error when Sorting File: An error occurred (403) when calling the HeadObject operation: Forbidden
2022-07-25 12:58:35,640, file_sorter.file_sorter, INFO, Successfully Parsed File: hermes_spn_2s_l3test_burst_20240406_120621_v2.4.5, Destination Bucket: hermes-spani
2022-07-25 12:58:35,642, file_sorter.file_sorter, INFO, Moving File: hermes_spn_2s_l3test_burst_20240406_120621_v2.4.5
2022-07-25 12:58:36,123, file_sorter.file_sorter, ERROR, Error when Sorting File: An error occurred (403) when calling the HeadObject operation: Forbidden
2022-07-25 12:58:40,398, file_sorter.file_sorter, INFO, Successfully Parsed File: hermes_spn_2s_l3test_burst_20240406_120621_v2.4.5, Destination Bucket: hermes-spani
2022-07-25 12:58:40,399, file_sorter.file_sorter, INFO, Moving File: hermes_spn_2s_l3test_burst_20240406_120621_v2.4.5
2022-07-25 12:58:40,833, file_sorter.file_sorter, ERROR, Error when Sorting File: An error occurred (403) when calling the HeadObject operation: Forbidden
2022-07-25 12:59:03,733, file_sorter.file_sorter, INFO, Successfully Parsed File: hermes_spn_2s_l3test_burst_20240406_120621_v2.4.5, Destination Bucket: hermes-spani
2022-07-25 12:59:03,735, file_sorter.file_sorter, INFO, Moving File: hermes_spn_2s_l3test_burst_20240406_120621_v2.4.5
2022-07-25 12:59:04,158, file_sorter.file_sorter, ERROR, An error occurred (403) when calling the HeadObject operation: Forbidden
2022-07-25 13:00:42,769, file_sorter.file_sorter, INFO, Successfully Parsed File: hermes_spn_2s_l3test_burst_20240406_120621_v2.4.5, Destination Bucket: hermes-spani
2022-07-25 13:00:42,770, file_sorter.file_sorter, INFO, Moving File: hermes_spn_2s_l3test_burst_20240406_120621_v2.4.5
2022-07-25 13:00:43,190, file_sorter.file_sorter, ERROR, An error occurred (403) when calling the HeadObject operation: Forbidden
2022-07-25 13:06:31,935, file_sorter.file_sorter, INFO, Successfully Parsed File: hermes_spn_2s_l3test_burst_20240406_120621_v2.4.5, Destination Bucket: hermes-spani
2022-07-25 13:06:31,937, file_sorter.file_sorter, INFO, Moving File: hermes_spn_2s_l3test_burst_20240406_120621_v2.4.5
2022-07-25 13:06:32,353, file_sorter.file_sorter, ERROR, An error occurred (403) when calling the HeadObject operation: Forbidden
2022-07-25 13:08:25,002, file_sorter.file_sorter, INFO, Incoming Bucket Name Parsed Successfully: swsoc-incoming
2022-07-25 13:08:25,004, file_sorter.file_sorter, INFO, Incoming Object Name Parsed Successfully: hermes_spn_2s_l3test_burst_20240406_120621_v2.4.5
2022-07-25 13:08:25,004, file_sorter.file_sorter, INFO, Incoming Object eTag Parsed Successfully: 32d82e8a2e72af004c557c4e369e89ff
2022-07-25 13:08:25,005, file_sorter.file_sorter, INFO, Successfully Parsed File: hermes_spn_2s_l3test_burst_20240406_120621_v2.4.5, Destination Bucket: hermes-spani
2022-07-25 13:08:25,005, file_sorter.file_sorter, INFO, Moving File: hermes_spn_2s_l3test_burst_20240406_120621_v2.4.5
2022-07-25 13:08:25,442, file_sorter.file_sorter, ERROR, An error occurred (403) when calling the HeadObject operation: Forbidden
2022-07-25 13:09:06,662, file_sorter.file_sorter, INFO, Incoming Bucket Name Parsed Successfully: swsoc-incoming
2022-07-25 13:09:06,664, file_sorter.file_sorter, INFO, Incoming Object Name Parsed Successfully: hermes_spn_2s_l3test_burst_20240406_120621_v2.4.5
2022-07-25 13:09:06,665, file_sorter.file_sorter, INFO, Incoming Object eTag Parsed Successfully: 32d82e8a2e72af004c557c4e369e89ff
2022-07-25 13:09:06,666, file_sorter.file_sorter, INFO, Successfully Parsed Destination Bucket: hermes-spani
2022-07-25 13:09:06,666, file_sorter.file_sorter, INFO, Moving File: hermes_spn_2s_l3test_burst_20240406_120621_v2.4.5
2022-07-25 13:09:07,089, file_sorter.file_sorter, ERROR, An error occurred (403) when calling the HeadObject operation: Forbidden
2022-07-25 13:09:27,423, file_sorter.file_sorter, INFO, Incoming Bucket Name Parsed Successfully: swsoc-incoming
2022-07-25 13:09:27,425, file_sorter.file_sorter, INFO, Incoming Object Name Parsed Successfully: hermes_spn_2s_l3test_burst_20240406_120621_v2.4.5
2022-07-25 13:09:27,425, file_sorter.file_sorter, INFO, Incoming Object eTag Parsed Successfully: 32d82e8a2e72af004c557c4e369e89ff
2022-07-25 13:09:27,426, file_sorter.file_sorter, INFO, Destination Bucket Parsed Successfully: hermes-spani
2022-07-25 13:09:27,426, file_sorter.file_sorter, INFO, Moving File: hermes_spn_2s_l3test_burst_20240406_120621_v2.4.5
2022-07-25 13:09:27,858, file_sorter.file_sorter, ERROR, An error occurred (403) when calling the HeadObject operation: Forbidden
2022-07-25 13:11:39,723, file_sorter.file_sorter, INFO, Incoming Bucket Name Parsed Successfully: swsoc-incoming
2022-07-25 13:11:39,726, file_sorter.file_sorter, INFO, Incoming Object Name Parsed Successfully: hermes_spn_2s_l3test_burst_20240406_120621_v2.4.5
2022-07-25 13:11:39,726, file_sorter.file_sorter, INFO, Incoming Object eTag Parsed Successfully: 32d82e8a2e72af004c557c4e369e89ff
2022-07-25 13:11:39,727, file_sorter.file_sorter, INFO, Destination Bucket Parsed Successfully: hermes-spani
2022-07-25 13:11:39,727, file_sorter.file_sorter, INFO, Initiating Copying of File From {self.incoming_bucket_name} to {self.destination_bucket}
2022-07-25 13:11:40,178, file_sorter.file_sorter, ERROR, An error occurred (403) when calling the HeadObject operation: Forbidden
2022-07-25 13:11:48,454, file_sorter.file_sorter, INFO, Incoming Bucket Name Parsed Successfully: swsoc-incoming
2022-07-25 13:11:48,456, file_sorter.file_sorter, INFO, Incoming Object Name Parsed Successfully: hermes_spn_2s_l3test_burst_20240406_120621_v2.4.5
2022-07-25 13:11:48,456, file_sorter.file_sorter, INFO, Incoming Object eTag Parsed Successfully: 32d82e8a2e72af004c557c4e369e89ff
2022-07-25 13:11:48,457, file_sorter.file_sorter, INFO, Destination Bucket Parsed Successfully: hermes-spani
2022-07-25 13:11:48,457, file_sorter.file_sorter, INFO, Initiating Copying of File From swsoc-incoming to hermes-spani
2022-07-25 13:11:48,876, file_sorter.file_sorter, ERROR, An error occurred (403) when calling the HeadObject operation: Forbidden
2022-07-25 13:12:17,066, file_sorter.file_sorter, INFO, Incoming Bucket Name Parsed Successfully: swsoc-incoming
2022-07-25 13:12:17,068, file_sorter.file_sorter, INFO, Incoming Object Name Parsed Successfully: hermes_spn_2s_l3test_burst_20240406_120621_v2.4.5
2022-07-25 13:12:17,068, file_sorter.file_sorter, INFO, Incoming Object eTag Parsed Successfully: 32d82e8a2e72af004c557c4e369e89ff
2022-07-25 13:12:17,069, file_sorter.file_sorter, INFO, Destination Bucket Parsed Successfully: hermes-spani
2022-07-25 13:12:17,069, file_sorter.file_sorter, INFO, Initiating Copying of File From swsoc-incoming to hermes-spani
2022-07-25 13:12:23,927, file_sorter.file_sorter, INFO, Incoming Bucket Name Parsed Successfully: swsoc-incoming
2022-07-25 13:12:23,929, file_sorter.file_sorter, INFO, Incoming Object Name Parsed Successfully: hermes_spn_2s_l3test_burst_20240406_120621_v2.4.5
2022-07-25 13:12:23,930, file_sorter.file_sorter, INFO, Incoming Object eTag Parsed Successfully: 32d82e8a2e72af004c557c4e369e89ff
2022-07-25 13:12:23,931, file_sorter.file_sorter, INFO, Destination Bucket Parsed Successfully: hermes-spani
2022-07-25 13:12:23,931, file_sorter.file_sorter, INFO, Initiating Copying of File From swsoc-incoming to hermes-spani
2022-07-25 13:12:24,337, file_sorter.file_sorter, ERROR, An error occurred (403) when calling the HeadObject operation: Forbidden
